<?xml version="1.0" encoding="UTF-8"?>
<!-- Generated by org.testng.reporters.JUnitReportReporter -->
<testsuite skipped="0" hostname="PGFY851" name="com.jms.qa.testcases.EventsDetailsTest" tests="1" failures="0" timestamp="23 Jul 2018 09:50:47 GMT" time="195.509" errors="0">
  <testcase name="moveJurorsToPanelTest" time="195.509" classname="com.jms.qa.testcases.EventsDetailsTest"/>
</testsuite> <!-- com.jms.qa.testcases.EventsDetailsTest -->
