<?xml version="1.0" encoding="UTF-8"?>
<!-- Generated by org.testng.reporters.JUnitReportReporter -->
<testsuite skipped="0" hostname="PGFY851" name="com.jms.qa.testcases.CalendarPageTest" tests="2" failures="0" timestamp="19 Jul 2018 04:22:54 GMT" time="114.604" errors="0">
  <testcase name="validateclickOnEditDetails" time="60.216" classname="com.jms.qa.testcases.CalendarPageTest"/>
  <testcase name="validateclickOnEditDetails" time="54.388" classname="com.jms.qa.testcases.CalendarPageTest"/>
</testsuite> <!-- com.jms.qa.testcases.CalendarPageTest -->
