<?xml version="1.0" encoding="UTF-8"?>
<!-- Generated by org.testng.reporters.JUnitReportReporter -->
<testsuite skipped="0" hostname="PGFY851" name="com.jms.qa.testcases.HomePageTest" tests="4" failures="0" timestamp="26 Jun 2018 07:39:46 GMT" time="109.185" errors="0">
  <testcase name="verifyHomePageTitleTest" time="24.066" classname="com.jms.qa.testcases.HomePageTest"/>
  <testcase name="verifyUserNameTest" time="25.294" classname="com.jms.qa.testcases.HomePageTest"/>
  <testcase name="verifySearchJurorTest" time="29.155" classname="com.jms.qa.testcases.HomePageTest"/>
  <testcase name="verifySearchEventTest" time="30.670" classname="com.jms.qa.testcases.HomePageTest"/>
</testsuite> <!-- com.jms.qa.testcases.HomePageTest -->
