<?xml version="1.0" encoding="UTF-8"?>
<!-- Generated by org.testng.reporters.JUnitReportReporter -->
<testsuite skipped="0" hostname="PGFY851" name="com.jms.qa.testcases.JurorProfileTest" tests="4" failures="0" timestamp="26 Jun 2018 13:02:11 GMT" time="188.869" errors="0">
  <testcase name="validateclickOnEditDetails" time="47.257" classname="com.jms.qa.testcases.JurorProfileTest"/>
  <testcase name="validateclickOnEditDetails" time="46.923" classname="com.jms.qa.testcases.JurorProfileTest"/>
  <testcase name="validateclickOnEditDetails" time="47.095" classname="com.jms.qa.testcases.JurorProfileTest"/>
  <testcase name="validateclickOnEditDetails" time="47.594" classname="com.jms.qa.testcases.JurorProfileTest"/>
</testsuite> <!-- com.jms.qa.testcases.JurorProfileTest -->
