<?xml version="1.0" encoding="UTF-8"?>
<!-- Generated by org.testng.reporters.JUnitReportReporter -->
<testsuite skipped="0" hostname="PGFY851" name="com.jms.qa.testcases.CalendarPageTest" tests="2" failures="0" timestamp="04 Jul 2018 09:40:57 GMT" time="135.545" errors="0">
  <testcase name="validateclickOnEditDetails" time="68.279" classname="com.jms.qa.testcases.CalendarPageTest"/>
  <testcase name="validateclickOnEditDetails" time="67.266" classname="com.jms.qa.testcases.CalendarPageTest"/>
</testsuite> <!-- com.jms.qa.testcases.CalendarPageTest -->
