<?xml version="1.0" encoding="UTF-8"?>
<!-- Generated by org.testng.reporters.JUnitReportReporter -->
<testsuite skipped="0" hostname="PGFY851" name="com.jms.qa.testcases.CalendarPageTest" tests="2" failures="0" timestamp="03 Jul 2018 07:38:08 GMT" time="117.478" errors="0">
  <testcase name="validateclickOnEditDetails" time="56.108" classname="com.jms.qa.testcases.CalendarPageTest"/>
  <testcase name="validateclickOnEditDetails" time="61.370" classname="com.jms.qa.testcases.CalendarPageTest"/>
</testsuite> <!-- com.jms.qa.testcases.CalendarPageTest -->
