<?xml version="1.0" encoding="UTF-8"?>
<!-- Generated by org.testng.reporters.JUnitReportReporter -->
<testsuite skipped="0" hostname="PGFY851" name="com.jms.qa.testcases.EventsPagetest" tests="1" failures="0" timestamp="06 Jul 2018 10:46:52 GMT" time="88.533" errors="0">
  <testcase name="viewEventFlowTest" time="88.533" classname="com.jms.qa.testcases.EventsPagetest"/>
</testsuite> <!-- com.jms.qa.testcases.EventsPagetest -->
